 Welcome to HYDRUS                                                       
 
 Program HYDRUS2
 Date:   9. 3.    Time:  23:42:47
 Time independent boundary conditions
 Vertical plane flow, V = L*L
 Units: L = cm   , T = sec  , M = mmol 
 

----------------------------------------------------------
 Time       [T] 0.00000000E+00
----------------------------------------------------------
 Sub-region num.                       1
----------------------------------------------------------
 Area    [V]         0.44000E+03  0.44000E+03
 Volume  [V]         0.66116E+02  0.66116E+02
 InFlow  [V/T]       0.00000E+00  0.00000E+00
 hMean   [L]        -0.46888E+03     -468.881
----------------------------------------------------------

----------------------------------------------------------
 Time       [T]        1.5000
----------------------------------------------------------
 Sub-region num.                       1
----------------------------------------------------------
 Area    [V]         0.44000E+03  0.44000E+03
 Volume  [V]         0.72822E+02  0.72822E+02
 InFlow  [V/T]       0.44999E+01  0.44999E+01
 hMean   [L]        -0.35275E+03     -352.749
 WatBalT [V]        -0.44232E-01
 WatBalR [%]               0.655
----------------------------------------------------------

----------------------------------------------------------
 Time       [T]        3.0000
----------------------------------------------------------
 Sub-region num.                       1
----------------------------------------------------------
 Area    [V]         0.44000E+03  0.44000E+03
 Volume  [V]         0.79571E+02  0.79571E+02
 InFlow  [V/T]       0.45000E+01  0.45000E+01
 hMean   [L]        -0.24810E+03     -248.095
 WatBalT [V]        -0.44528E-01
 WatBalR [%]               0.330
----------------------------------------------------------

----------------------------------------------------------
 Time       [T]        4.5000
----------------------------------------------------------
 Sub-region num.                       1
----------------------------------------------------------
 Area    [V]         0.44000E+03  0.44000E+03
 Volume  [V]         0.86321E+02  0.86321E+02
 InFlow  [V/T]       0.44998E+01  0.44998E+01
 hMean   [L]        -0.67320E+02      -67.320
 WatBalT [V]        -0.44905E-01
 WatBalR [%]               0.222
----------------------------------------------------------

----------------------------------------------------------
 Time       [T]        6.0000
----------------------------------------------------------
 Sub-region num.                       1
----------------------------------------------------------
 Area    [V]         0.44000E+03  0.44000E+03
 Volume  [V]         0.93071E+02  0.93071E+02
 InFlow  [V/T]       0.44996E+01  0.44996E+01
 hMean   [L]         0.91057E+02       91.057
 WatBalT [V]        -0.45258E-01
 WatBalR [%]               0.168
----------------------------------------------------------

----------------------------------------------------------
 Time       [T]        7.5000
----------------------------------------------------------
 Sub-region num.                       1
----------------------------------------------------------
 Area    [V]         0.44000E+03  0.44000E+03
 Volume  [V]         0.99820E+02  0.99820E+02
 InFlow  [V/T]       0.44999E+01  0.44999E+01
 hMean   [L]         0.38770E+03      387.705
 WatBalT [V]        -0.45497E-01
 WatBalR [%]               0.135
----------------------------------------------------------

----------------------------------------------------------
 Time       [T]        9.0000
----------------------------------------------------------
 Sub-region num.                       1
----------------------------------------------------------
 Area    [V]         0.44000E+03  0.44000E+03
 Volume  [V]         0.10657E+03  0.10657E+03
 InFlow  [V/T]       0.45000E+01  0.45000E+01
 hMean   [L]         0.72105E+03      721.052
 WatBalT [V]        -0.45486E-01
 WatBalR [%]               0.112
----------------------------------------------------------

----------------------------------------------------------
 Time       [T]       10.5000
----------------------------------------------------------
 Sub-region num.                       1
----------------------------------------------------------
 Area    [V]         0.44000E+03  0.44000E+03
 Volume  [V]         0.11332E+03  0.11332E+03
 InFlow  [V/T]       0.45000E+01  0.45000E+01
 hMean   [L]         0.11064E+04     1106.405
 WatBalT [V]        -0.45552E-01
 WatBalR [%]               0.096
----------------------------------------------------------

----------------------------------------------------------
 Time       [T]       12.0000
----------------------------------------------------------
 Sub-region num.                       1
----------------------------------------------------------
 Area    [V]         0.44000E+03  0.44000E+03
 Volume  [V]         0.12007E+03  0.12007E+03
 InFlow  [V/T]       0.44996E+01  0.44996E+01
 hMean   [L]         0.15488E+04     1548.801
 WatBalT [V]        -0.45603E-01
 WatBalR [%]               0.084
----------------------------------------------------------

----------------------------------------------------------
 Time       [T]       13.5000
----------------------------------------------------------
 Sub-region num.                       1
----------------------------------------------------------
 Area    [V]         0.44000E+03  0.44000E+03
 Volume  [V]         0.12682E+03  0.12682E+03
 InFlow  [V/T]       0.45000E+01  0.45000E+01
 hMean   [L]         0.20009E+04     2000.903
 WatBalT [V]        -0.45664E-01
 WatBalR [%]               0.075
----------------------------------------------------------

----------------------------------------------------------
 Time       [T]       15.0000
----------------------------------------------------------
 Sub-region num.                       1
----------------------------------------------------------
 Area    [V]         0.44000E+03  0.44000E+03
 Volume  [V]         0.13352E+03  0.13352E+03
 InFlow  [V/T]       0.44996E+01  0.44996E+01
 hMean   [L]         0.25985E+04     2598.469
 WatBalT [V]        -0.90751E-01
 WatBalR [%]               0.134
----------------------------------------------------------

----------------------------------------------------------
 Time       [T]       16.5000
----------------------------------------------------------
 Sub-region num.                       1
----------------------------------------------------------
 Area    [V]         0.44000E+03  0.44000E+03
 Volume  [V]         0.14023E+03  0.14023E+03
 InFlow  [V/T]       0.45001E+01  0.45001E+01
 hMean   [L]         0.31518E+04     3151.770
 WatBalT [V]        -0.13575E+00
 WatBalR [%]               0.183
----------------------------------------------------------

----------------------------------------------------------
 Time       [T]       18.0000
----------------------------------------------------------
 Sub-region num.                       1
----------------------------------------------------------
 Area    [V]         0.44000E+03  0.44000E+03
 Volume  [V]         0.14698E+03  0.14698E+03
 InFlow  [V/T]       0.44999E+01  0.44999E+01
 hMean   [L]         0.37310E+04     3730.999
 WatBalT [V]        -0.13614E+00
 WatBalR [%]               0.168
----------------------------------------------------------

----------------------------------------------------------
 Time       [T]       19.5000
----------------------------------------------------------
 Sub-region num.                       1
----------------------------------------------------------
 Area    [V]         0.44000E+03  0.44000E+03
 Volume  [V]         0.15373E+03  0.15373E+03
 InFlow  [V/T]       0.44991E+01  0.44991E+01
 hMean   [L]         0.44219E+04     4421.854
 WatBalT [V]        -0.13629E+00
 WatBalR [%]               0.155
----------------------------------------------------------

----------------------------------------------------------
 Time       [T]       21.0000
----------------------------------------------------------
 Sub-region num.                       1
----------------------------------------------------------
 Area    [V]         0.44000E+03  0.44000E+03
 Volume  [V]         0.16048E+03  0.16048E+03
 InFlow  [V/T]       0.44979E+01  0.44979E+01
 hMean   [L]         0.51789E+04     5178.939
 WatBalT [V]        -0.13637E+00
 WatBalR [%]               0.144
----------------------------------------------------------

----------------------------------------------------------
 Time       [T]       22.5000
----------------------------------------------------------
 Sub-region num.                       1
----------------------------------------------------------
 Area    [V]         0.44000E+03  0.44000E+03
 Volume  [V]         0.16718E+03  0.16718E+03
 InFlow  [V/T]       0.44998E+01  0.44998E+01
 hMean   [L]         0.59588E+04     5958.847
 WatBalT [V]        -0.18249E+00
 WatBalR [%]               0.180
----------------------------------------------------------

----------------------------------------------------------
 Time       [T]       24.0000
----------------------------------------------------------
 Sub-region num.                       1
----------------------------------------------------------
 Area    [V]         0.44000E+03  0.44000E+03
 Volume  [V]         0.17389E+03  0.17389E+03
 InFlow  [V/T]       0.45003E+01  0.45003E+01
 hMean   [L]         0.68605E+04     6860.464
 WatBalT [V]        -0.22740E+00
 WatBalR [%]               0.211
----------------------------------------------------------

----------------------------------------------------------
 Time       [T]       25.5000
----------------------------------------------------------
 Sub-region num.                       1
----------------------------------------------------------
 Area    [V]         0.44000E+03  0.44000E+03
 Volume  [V]         0.18064E+03  0.18064E+03
 InFlow  [V/T]       0.44998E+01  0.44998E+01
 hMean   [L]         0.76541E+04     7654.081
 WatBalT [V]        -0.22736E+00
 WatBalR [%]               0.198
----------------------------------------------------------

----------------------------------------------------------
 Time       [T]       27.0000
----------------------------------------------------------
 Sub-region num.                       1
----------------------------------------------------------
 Area    [V]         0.44000E+03  0.44000E+03
 Volume  [V]         0.18739E+03  0.18739E+03
 InFlow  [V/T]       0.45000E+01  0.45000E+01
 hMean   [L]         0.87093E+04     8709.278
 WatBalT [V]        -0.22733E+00
 WatBalR [%]               0.187
----------------------------------------------------------
