 Welcome to HYDRUS                                                       
 
 Program HYDRUS2
 Date:   9. 3.    Time:  23:42:47
 Time independent boundary conditions
 Vertical plane flow, V = L*L
 Units: L = cm   , T = sec  , M = mmol 
 

 Boundary length [L] associated with different types of boundary conditions

 Constant head or flux boundary:   0.3000000E+01


 Time:            1.5000

    i      n      x        z    Code       Q            v           h        th      Temp  Conc(1-NS)   Qc(1-NS)
                 [L]      [L]            [V/T]        [L/T]        [L]      [-]       [C]    [M/L3]    [VM/T.L3]

    1      5      2.0     22.0   -1  0.75000E+00 -0.15000E+01    3827.45  0.430     20.00
    2     11      8.0     22.0   -1  0.75000E+00 -0.15000E+01    3470.23  0.430     20.00
    3     12      9.0     22.0   -1  0.75000E+00 -0.15000E+01    3566.97  0.430     20.00
    4     21     18.0     22.0   -1  0.75000E+00 -0.15000E+01    4173.44  0.430     20.00
    5     22     19.0     22.0   -1  0.75000E+00 -0.15000E+01    4647.94  0.430     20.00
    6     23      1.0     22.0   -1  0.75000E+00 -0.15000E+01    4377.53  0.430     20.00


 Time:            3.0000

    i      n      x        z    Code       Q            v           h        th      Temp  Conc(1-NS)   Qc(1-NS)
                 [L]      [L]            [V/T]        [L/T]        [L]      [-]       [C]    [M/L3]    [VM/T.L3]

    1      5      2.0     22.0   -1  0.75000E+00 -0.15000E+01    4789.17  0.430     20.00
    2     11      8.0     22.0   -1  0.75000E+00 -0.15000E+01    3729.34  0.430     20.00
    3     12      9.0     22.0   -1  0.75000E+00 -0.15000E+01    3795.60  0.430     20.00
    4     21     18.0     22.0   -1  0.75000E+00 -0.15000E+01    4907.49  0.430     20.00
    5     22     19.0     22.0   -1  0.75000E+00 -0.15000E+01    5448.01  0.430     20.00
    6     23      1.0     22.0   -1  0.75000E+00 -0.15000E+01    5412.28  0.430     20.00


 Time:            4.5000

    i      n      x        z    Code       Q            v           h        th      Temp  Conc(1-NS)   Qc(1-NS)
                 [L]      [L]            [V/T]        [L/T]        [L]      [-]       [C]    [M/L3]    [VM/T.L3]

    1      5      2.0     22.0   -1  0.75000E+00 -0.15000E+01    6235.45  0.430     20.00
    2     11      8.0     22.0   -1  0.75000E+00 -0.15000E+01    4741.95  0.430     20.00
    3     12      9.0     22.0   -1  0.75000E+00 -0.15000E+01    4596.23  0.430     20.00
    4     21     18.0     22.0   -1  0.75000E+00 -0.15000E+01    5495.88  0.430     20.00
    5     22     19.0     22.0   -1  0.75000E+00 -0.15000E+01    6055.19  0.430     20.00
    6     23      1.0     22.0   -1  0.75000E+00 -0.15000E+01    6809.34  0.430     20.00


 Time:            6.0000

    i      n      x        z    Code       Q            v           h        th      Temp  Conc(1-NS)   Qc(1-NS)
                 [L]      [L]            [V/T]        [L/T]        [L]      [-]       [C]    [M/L3]    [VM/T.L3]

    1      5      2.0     22.0   -1  0.75000E+00 -0.15000E+01    7062.17  0.430     20.00
    2     11      8.0     22.0   -1  0.75000E+00 -0.15000E+01    5357.41  0.430     20.00
    3     12      9.0     22.0   -1  0.75000E+00 -0.15000E+01    5129.38  0.430     20.00
    4     21     18.0     22.0   -1  0.75000E+00 -0.15000E+01    5927.10  0.430     20.00
    5     22     19.0     22.0   -1  0.75000E+00 -0.15000E+01    6479.09  0.430     20.00
    6     23      1.0     22.0   -1  0.75000E+00 -0.15000E+01    7631.86  0.430     20.00


 Time:            7.5000

    i      n      x        z    Code       Q            v           h        th      Temp  Conc(1-NS)   Qc(1-NS)
                 [L]      [L]            [V/T]        [L/T]        [L]      [-]       [C]    [M/L3]    [VM/T.L3]

    1      5      2.0     22.0   -1  0.75000E+00 -0.15000E+01    8098.10  0.430     20.00
    2     11      8.0     22.0   -1  0.75000E+00 -0.15000E+01    6428.32  0.430     20.00
    3     12      9.0     22.0   -1  0.75000E+00 -0.15000E+01    6236.28  0.430     20.00
    4     21     18.0     22.0   -1  0.75000E+00 -0.15000E+01    6886.17  0.430     20.00
    5     22     19.0     22.0   -1  0.75000E+00 -0.15000E+01    7392.57  0.430     20.00
    6     23      1.0     22.0   -1  0.75000E+00 -0.15000E+01    8664.29  0.430     20.00


 Time:            9.0000

    i      n      x        z    Code       Q            v           h        th      Temp  Conc(1-NS)   Qc(1-NS)
                 [L]      [L]            [V/T]        [L/T]        [L]      [-]       [C]    [M/L3]    [VM/T.L3]

    1      5      2.0     22.0   -1  0.75000E+00 -0.15000E+01    8906.84  0.430     20.00
    2     11      8.0     22.0   -1  0.75000E+00 -0.15000E+01    7455.33  0.430     20.00
    3     12      9.0     22.0   -1  0.75000E+00 -0.15000E+01    7321.57  0.430     20.00
    4     21     18.0     22.0   -1  0.75000E+00 -0.15000E+01    7929.80  0.430     20.00
    5     22     19.0     22.0   -1  0.75000E+00 -0.15000E+01    8416.82  0.430     20.00
    6     23      1.0     22.0   -1  0.75000E+00 -0.15000E+01    9462.12  0.430     20.00


 Time:           10.5000

    i      n      x        z    Code       Q            v           h        th      Temp  Conc(1-NS)   Qc(1-NS)
                 [L]      [L]            [V/T]        [L/T]        [L]      [-]       [C]    [M/L3]    [VM/T.L3]

    1      5      2.0     22.0   -1  0.75000E+00 -0.15000E+01    9835.68  0.430     20.00
    2     11      8.0     22.0   -1  0.75000E+00 -0.15000E+01    8443.44  0.430     20.00
    3     12      9.0     22.0   -1  0.75000E+00 -0.15000E+01    8324.37  0.430     20.00
    4     21     18.0     22.0   -1  0.75000E+00 -0.15000E+01    8870.40  0.430     20.00
    5     22     19.0     22.0   -1  0.75000E+00 -0.15000E+01    9344.79  0.430     20.00
    6     23      1.0     22.0   -1  0.75000E+00 -0.15000E+01   10386.98  0.430     20.00


 Time:           12.0000

    i      n      x        z    Code       Q            v           h        th      Temp  Conc(1-NS)   Qc(1-NS)
                 [L]      [L]            [V/T]        [L/T]        [L]      [-]       [C]    [M/L3]    [VM/T.L3]

    1      5      2.0     22.0   -1  0.75000E+00 -0.15000E+01   10811.08  0.430     20.00
    2     11      8.0     22.0   -1  0.75000E+00 -0.15000E+01    9424.02  0.430     20.00
    3     12      9.0     22.0   -1  0.75000E+00 -0.15000E+01    9305.16  0.430     20.00
    4     21     18.0     22.0   -1  0.75000E+00 -0.15000E+01    9798.50  0.430     20.00
    5     22     19.0     22.0   -1  0.75000E+00 -0.15000E+01   10269.19  0.430     20.00
    6     23      1.0     22.0   -1  0.75000E+00 -0.15000E+01   11362.28  0.430     20.00


 Time:           13.5000

    i      n      x        z    Code       Q            v           h        th      Temp  Conc(1-NS)   Qc(1-NS)
                 [L]      [L]            [V/T]        [L/T]        [L]      [-]       [C]    [M/L3]    [VM/T.L3]

    1      5      2.0     22.0   -1  0.75000E+00 -0.15000E+01   11640.74  0.430     20.00
    2     11      8.0     22.0   -1  0.75000E+00 -0.15000E+01   10282.60  0.430     20.00
    3     12      9.0     22.0   -1  0.75000E+00 -0.15000E+01   10171.66  0.430     20.00
    4     21     18.0     22.0   -1  0.75000E+00 -0.15000E+01   10726.65  0.430     20.00
    5     22     19.0     22.0   -1  0.75000E+00 -0.15000E+01   11199.03  0.430     20.00
    6     23      1.0     22.0   -1  0.75000E+00 -0.15000E+01   12190.41  0.430     20.00


 Time:           15.0000

    i      n      x        z    Code       Q            v           h        th      Temp  Conc(1-NS)   Qc(1-NS)
                 [L]      [L]            [V/T]        [L/T]        [L]      [-]       [C]    [M/L3]    [VM/T.L3]

    1      5      2.0     22.0   -1  0.75000E+00 -0.15000E+01   12690.75  0.430     20.00
    2     11      8.0     22.0   -1  0.75000E+00 -0.15000E+01   11357.57  0.430     20.00
    3     12      9.0     22.0   -1  0.75000E+00 -0.15000E+01   11248.42  0.430     20.00
    4     21     18.0     22.0   -1  0.75000E+00 -0.15000E+01   11770.40  0.430     20.00
    5     22     19.0     22.0   -1  0.75000E+00 -0.15000E+01   12240.48  0.430     20.00
    6     23      1.0     22.0   -1  0.75000E+00 -0.15000E+01   13238.03  0.430     20.00


 Time:           16.5000

    i      n      x        z    Code       Q            v           h        th      Temp  Conc(1-NS)   Qc(1-NS)
                 [L]      [L]            [V/T]        [L/T]        [L]      [-]       [C]    [M/L3]    [VM/T.L3]

    1      5      2.0     22.0   -1  0.75000E+00 -0.15000E+01   13546.52  0.430     20.00
    2     11      8.0     22.0   -1  0.75000E+00 -0.15000E+01   12234.55  0.430     20.00
    3     12      9.0     22.0   -1  0.75000E+00 -0.15000E+01   12130.46  0.430     20.00
    4     21     18.0     22.0   -1  0.75000E+00 -0.15000E+01   12677.24  0.430     20.00
    5     22     19.0     22.0   -1  0.75000E+00 -0.15000E+01   13147.52  0.430     20.00
    6     23      1.0     22.0   -1  0.75000E+00 -0.15000E+01   14092.64  0.430     20.00


 Time:           18.0000

    i      n      x        z    Code       Q            v           h        th      Temp  Conc(1-NS)   Qc(1-NS)
                 [L]      [L]            [V/T]        [L/T]        [L]      [-]       [C]    [M/L3]    [VM/T.L3]

    1      5      2.0     22.0   -1  0.75000E+00 -0.15000E+01   14383.21  0.430     20.00
    2     11      8.0     22.0   -1  0.75000E+00 -0.15000E+01   13079.28  0.430     20.00
    3     12      9.0     22.0   -1  0.75000E+00 -0.15000E+01   12976.36  0.430     20.00
    4     21     18.0     22.0   -1  0.75000E+00 -0.15000E+01   13524.75  0.430     20.00
    5     22     19.0     22.0   -1  0.75000E+00 -0.15000E+01   13994.92  0.430     20.00
    6     23      1.0     22.0   -1  0.75000E+00 -0.15000E+01   14928.67  0.430     20.00


 Time:           19.5000

    i      n      x        z    Code       Q            v           h        th      Temp  Conc(1-NS)   Qc(1-NS)
                 [L]      [L]            [V/T]        [L/T]        [L]      [-]       [C]    [M/L3]    [VM/T.L3]

    1      5      2.0     22.0   -1  0.75000E+00 -0.15000E+01   15330.66  0.430     20.00
    2     11      8.0     22.0   -1  0.75000E+00 -0.15000E+01   14032.28  0.430     20.00
    3     12      9.0     22.0   -1  0.75000E+00 -0.15000E+01   13930.28  0.430     20.00
    4     21     18.0     22.0   -1  0.75000E+00 -0.15000E+01   14475.85  0.430     20.00
    5     22     19.0     22.0   -1  0.75000E+00 -0.15000E+01   14945.53  0.430     20.00
    6     23      1.0     22.0   -1  0.75000E+00 -0.15000E+01   15875.74  0.430     20.00


 Time:           21.0000

    i      n      x        z    Code       Q            v           h        th      Temp  Conc(1-NS)   Qc(1-NS)
                 [L]      [L]            [V/T]        [L/T]        [L]      [-]       [C]    [M/L3]    [VM/T.L3]

    1      5      2.0     22.0   -1  0.75000E+00 -0.15000E+01   16256.52  0.430     20.00
    2     11      8.0     22.0   -1  0.75000E+00 -0.15000E+01   14984.53  0.430     20.00
    3     12      9.0     22.0   -1  0.75000E+00 -0.15000E+01   14888.80  0.430     20.00
    4     21     18.0     22.0   -1  0.75000E+00 -0.15000E+01   15480.22  0.430     20.00
    5     22     19.0     22.0   -1  0.75000E+00 -0.15000E+01   15951.43  0.430     20.00
    6     23      1.0     22.0   -1  0.75000E+00 -0.15000E+01   16800.04  0.430     20.00


 Time:           22.5000

    i      n      x        z    Code       Q            v           h        th      Temp  Conc(1-NS)   Qc(1-NS)
                 [L]      [L]            [V/T]        [L/T]        [L]      [-]       [C]    [M/L3]    [VM/T.L3]

    1      5      2.0     22.0   -1  0.75000E+00 -0.15000E+01   17190.52  0.430     20.00
    2     11      8.0     22.0   -1  0.75000E+00 -0.15000E+01   15917.73  0.430     20.00
    3     12      9.0     22.0   -1  0.75000E+00 -0.15000E+01   15821.70  0.430     20.00
    4     21     18.0     22.0   -1  0.75000E+00 -0.15000E+01   16409.82  0.430     20.00
    5     22     19.0     22.0   -1  0.75000E+00 -0.15000E+01   16880.90  0.430     20.00
    6     23      1.0     22.0   -1  0.75000E+00 -0.15000E+01   17734.05  0.430     20.00


 Time:           24.0000

    i      n      x        z    Code       Q            v           h        th      Temp  Conc(1-NS)   Qc(1-NS)
                 [L]      [L]            [V/T]        [L/T]        [L]      [-]       [C]    [M/L3]    [VM/T.L3]

    1      5      2.0     22.0   -1  0.75000E+00 -0.15000E+01   18186.76  0.430     20.00
    2     11      8.0     22.0   -1  0.75000E+00 -0.15000E+01   16919.98  0.430     20.00
    3     12      9.0     22.0   -1  0.75000E+00 -0.15000E+01   16825.45  0.430     20.00
    4     21     18.0     22.0   -1  0.75000E+00 -0.15000E+01   17424.98  0.430     20.00
    5     22     19.0     22.0   -1  0.75000E+00 -0.15000E+01   17896.45  0.430     20.00
    6     23      1.0     22.0   -1  0.75000E+00 -0.15000E+01   18729.96  0.430     20.00


 Time:           25.5000

    i      n      x        z    Code       Q            v           h        th      Temp  Conc(1-NS)   Qc(1-NS)
                 [L]      [L]            [V/T]        [L/T]        [L]      [-]       [C]    [M/L3]    [VM/T.L3]

    1      5      2.0     22.0   -1  0.75000E+00 -0.15000E+01   19014.23  0.430     20.00
    2     11      8.0     22.0   -1  0.75000E+00 -0.15000E+01   17750.63  0.430     20.00
    3     12      9.0     22.0   -1  0.75000E+00 -0.15000E+01   17656.73  0.430     20.00
    4     21     18.0     22.0   -1  0.75000E+00 -0.15000E+01   18259.66  0.430     20.00
    5     22     19.0     22.0   -1  0.75000E+00 -0.15000E+01   18731.21  0.430     20.00
    6     23      1.0     22.0   -1  0.75000E+00 -0.15000E+01   19557.20  0.430     20.00


 Time:           27.0000

    i      n      x        z    Code       Q            v           h        th      Temp  Conc(1-NS)   Qc(1-NS)
                 [L]      [L]            [V/T]        [L/T]        [L]      [-]       [C]    [M/L3]    [VM/T.L3]

    1      5      2.0     22.0   -1  0.75000E+00 -0.15000E+01   20079.91  0.430     20.00
    2     11      8.0     22.0   -1  0.75000E+00 -0.15000E+01   18807.01  0.430     20.00
    3     12      9.0     22.0   -1  0.75000E+00 -0.15000E+01   18710.94  0.430     20.00
    4     21     18.0     22.0   -1  0.75000E+00 -0.15000E+01   19298.43  0.430     20.00
    5     22     19.0     22.0   -1  0.75000E+00 -0.15000E+01   19769.47  0.430     20.00
    6     23      1.0     22.0   -1  0.75000E+00 -0.15000E+01   20623.44  0.430     20.00
