 Welcome to HYDRUS                                                       
 
 Program HYDRUS2
 Date:  17. 3.    Time:  19:52:17
 Time independent boundary conditions
 Vertical plane flow, V = L*L
 Units: L = cm   , T = sec  , M = mmol 
 

 Max. number of iterations             10
 Absolute water content tolerance [-] 0.00100
 Absolute pressure head tolerance [L] 0.10000



MatNum, Param. array:

   Mat     Qr     Qs        Alfa         n          Ks      l

    1    0.078  0.430   0.360E-01   0.156E+01   0.289E-03  0.500

       Table of Hydraulic Properties which are interpolated in simulation
       =================================================================

  theta         h        log h        C             K        log K          S
 
  0.4300  -0.100E-03 -0.4000E+01  0.6347E-05  0.2884E-03 -0.3540E+01    1.0000
  0.4300  -0.120E-03 -0.3919E+01  0.7044E-05  0.2883E-03 -0.3540E+01    1.0000
  0.4300  -0.145E-03 -0.3838E+01  0.7817E-05  0.2883E-03 -0.3540E+01    1.0000
  0.4300  -0.175E-03 -0.3758E+01  0.8676E-05  0.2882E-03 -0.3540E+01    1.0000
  0.4300  -0.210E-03 -0.3677E+01  0.9629E-05  0.2881E-03 -0.3540E+01    1.0000
  0.4300  -0.254E-03 -0.3596E+01  0.1069E-04  0.2880E-03 -0.3541E+01    1.0000
  0.4300  -0.305E-03 -0.3515E+01  0.1186E-04  0.2879E-03 -0.3541E+01    1.0000
  0.4300  -0.368E-03 -0.3434E+01  0.1316E-04  0.2878E-03 -0.3541E+01    1.0000
  0.4300  -0.443E-03 -0.3354E+01  0.1461E-04  0.2877E-03 -0.3541E+01    1.0000
  0.4300  -0.534E-03 -0.3273E+01  0.1621E-04  0.2876E-03 -0.3541E+01    1.0000
  0.4300  -0.643E-03 -0.3192E+01  0.1799E-04  0.2874E-03 -0.3541E+01    1.0000
  0.4300  -0.774E-03 -0.3111E+01  0.1997E-04  0.2873E-03 -0.3542E+01    1.0000
  0.4300  -0.933E-03 -0.3030E+01  0.2216E-04  0.2871E-03 -0.3542E+01    1.0000
  0.4300  -0.112E-02 -0.2949E+01  0.2459E-04  0.2869E-03 -0.3542E+01    1.0000
  0.4300  -0.135E-02 -0.2869E+01  0.2730E-04  0.2867E-03 -0.3543E+01    1.0000
  0.4300  -0.163E-02 -0.2788E+01  0.3029E-04  0.2864E-03 -0.3543E+01    1.0000
  0.4300  -0.196E-02 -0.2707E+01  0.3362E-04  0.2862E-03 -0.3543E+01    1.0000
  0.4300  -0.236E-02 -0.2626E+01  0.3731E-04  0.2859E-03 -0.3544E+01    1.0000
  0.4300  -0.285E-02 -0.2545E+01  0.4141E-04  0.2855E-03 -0.3544E+01    1.0000
  0.4300  -0.343E-02 -0.2465E+01  0.4596E-04  0.2852E-03 -0.3545E+01    1.0000
  0.4300  -0.413E-02 -0.2384E+01  0.5100E-04  0.2848E-03 -0.3546E+01    1.0000
  0.4300  -0.498E-02 -0.2303E+01  0.5661E-04  0.2843E-03 -0.3546E+01    1.0000
  0.4300  -0.599E-02 -0.2222E+01  0.6282E-04  0.2838E-03 -0.3547E+01    1.0000
  0.4300  -0.722E-02 -0.2141E+01  0.6972E-04  0.2832E-03 -0.3548E+01    1.0000
  0.4300  -0.870E-02 -0.2061E+01  0.7738E-04  0.2826E-03 -0.3549E+01    1.0000
  0.4300  -0.105E-01 -0.1980E+01  0.8588E-04  0.2819E-03 -0.3550E+01    1.0000
  0.4300  -0.126E-01 -0.1899E+01  0.9531E-04  0.2812E-03 -0.3551E+01    1.0000
  0.4300  -0.152E-01 -0.1818E+01  0.1058E-03  0.2803E-03 -0.3552E+01    1.0000
  0.4300  -0.183E-01 -0.1737E+01  0.1174E-03  0.2794E-03 -0.3554E+01    1.0000
  0.4300  -0.221E-01 -0.1657E+01  0.1303E-03  0.2784E-03 -0.3555E+01    1.0000
  0.4300  -0.266E-01 -0.1576E+01  0.1446E-03  0.2772E-03 -0.3557E+01    1.0000
  0.4300  -0.320E-01 -0.1495E+01  0.1605E-03  0.2760E-03 -0.3559E+01    1.0000
  0.4300  -0.385E-01 -0.1414E+01  0.1781E-03  0.2746E-03 -0.3561E+01    1.0000
  0.4300  -0.464E-01 -0.1333E+01  0.1976E-03  0.2730E-03 -0.3564E+01    1.0000
  0.4300  -0.559E-01 -0.1253E+01  0.2193E-03  0.2713E-03 -0.3567E+01    1.0000
  0.4300  -0.673E-01 -0.1172E+01  0.2434E-03  0.2694E-03 -0.3570E+01    1.0000
  0.4300  -0.811E-01 -0.1091E+01  0.2701E-03  0.2673E-03 -0.3573E+01    1.0000
  0.4300  -0.977E-01 -0.1010E+01  0.2998E-03  0.2650E-03 -0.3577E+01    0.9999
  0.4300  -0.118E+00 -0.9293E+00  0.3327E-03  0.2624E-03 -0.3581E+01    0.9999
  0.4300  -0.142E+00 -0.8485E+00  0.3692E-03  0.2596E-03 -0.3586E+01    0.9999
  0.4300  -0.171E+00 -0.7677E+00  0.4097E-03  0.2565E-03 -0.3591E+01    0.9999
  0.4299  -0.206E+00 -0.6869E+00  0.4546E-03  0.2530E-03 -0.3597E+01    0.9998
  0.4299  -0.248E+00 -0.6061E+00  0.5044E-03  0.2492E-03 -0.3603E+01    0.9998
  0.4299  -0.298E+00 -0.5253E+00  0.5597E-03  0.2450E-03 -0.3611E+01    0.9997
  0.4299  -0.359E+00 -0.4444E+00  0.6209E-03  0.2404E-03 -0.3619E+01    0.9996
  0.4298  -0.433E+00 -0.3636E+00  0.6887E-03  0.2354E-03 -0.3628E+01    0.9995
  0.4297  -0.521E+00 -0.2828E+00  0.7638E-03  0.2299E-03 -0.3639E+01    0.9993
  0.4297  -0.628E+00 -0.2020E+00  0.8469E-03  0.2238E-03 -0.3650E+01    0.9990
  0.4295  -0.756E+00 -0.1212E+00  0.9388E-03  0.2171E-03 -0.3663E+01    0.9987
  0.4294  -0.911E+00 -0.4040E-01  0.1040E-02  0.2099E-03 -0.3678E+01    0.9983
  0.4292  -0.110E+01  0.4040E-01  0.1152E-02  0.2020E-03 -0.3695E+01    0.9977
  0.4289  -0.132E+01  0.1212E+00  0.1275E-02  0.1934E-03 -0.3714E+01    0.9969
  0.4286  -0.159E+01  0.2020E+00  0.1409E-02  0.1841E-03 -0.3735E+01    0.9959
  0.4281  -0.192E+01  0.2828E+00  0.1556E-02  0.1741E-03 -0.3759E+01    0.9945
  0.4274  -0.231E+01  0.3636E+00  0.1714E-02  0.1634E-03 -0.3787E+01    0.9927
  0.4266  -0.278E+01  0.4444E+00  0.1885E-02  0.1519E-03 -0.3818E+01    0.9903
  0.4254  -0.335E+01  0.5253E+00  0.2067E-02  0.1398E-03 -0.3854E+01    0.9871
  0.4240  -0.404E+01  0.6061E+00  0.2257E-02  0.1271E-03 -0.3896E+01    0.9829
  0.4220  -0.486E+01  0.6869E+00  0.2452E-02  0.1140E-03 -0.3943E+01    0.9773
  0.4195  -0.586E+01  0.7677E+00  0.2646E-02  0.1005E-03 -0.3998E+01    0.9701
  0.4162  -0.705E+01  0.8485E+00  0.2831E-02  0.8692E-04 -0.4061E+01    0.9608
  0.4120  -0.850E+01  0.9293E+00  0.2996E-02  0.7354E-04 -0.4133E+01    0.9488
  0.4067  -0.102E+02  0.1010E+01  0.3129E-02  0.6067E-04 -0.4217E+01    0.9337
  0.4000  -0.123E+02  0.1091E+01  0.3214E-02  0.4864E-04 -0.4313E+01    0.9148
  0.3919  -0.148E+02  0.1172E+01  0.3237E-02  0.3777E-04 -0.4423E+01    0.8916
  0.3821  -0.179E+02  0.1253E+01  0.3187E-02  0.2834E-04 -0.4548E+01    0.8639
  0.3706  -0.215E+02  0.1333E+01  0.3059E-02  0.2049E-04 -0.4688E+01    0.8314
  0.3576  -0.260E+02  0.1414E+01  0.2857E-02  0.1427E-04 -0.4846E+01    0.7943
  0.3431  -0.313E+02  0.1495E+01  0.2593E-02  0.9564E-05 -0.5019E+01    0.7532
  0.3276  -0.376E+02  0.1576E+01  0.2288E-02  0.6183E-05 -0.5209E+01    0.7090
  0.3112  -0.453E+02  0.1657E+01  0.1965E-02  0.3865E-05 -0.5413E+01    0.6625
  0.2945  -0.546E+02  0.1737E+01  0.1646E-02  0.2344E-05 -0.5630E+01    0.6151
  0.2779  -0.658E+02  0.1818E+01  0.1350E-02  0.1384E-05 -0.5859E+01    0.5678
  0.2616  -0.792E+02  0.1899E+01  0.1086E-02  0.7997E-06 -0.6097E+01    0.5215
  0.2459  -0.955E+02  0.1980E+01  0.8598E-03  0.4535E-06 -0.6343E+01    0.4771
  0.2311  -0.115E+03  0.2061E+01  0.6723E-03  0.2534E-06 -0.6596E+01    0.4349
  0.2172  -0.138E+03  0.2141E+01  0.5204E-03  0.1400E-06 -0.6854E+01    0.3954
  0.2043  -0.167E+03  0.2222E+01  0.3996E-03  0.7659E-07 -0.7116E+01    0.3587
  0.1924  -0.201E+03  0.2303E+01  0.3049E-03  0.4161E-07 -0.7381E+01    0.3249
  0.1815  -0.242E+03  0.2384E+01  0.2315E-03  0.2249E-07 -0.7648E+01    0.2940
  0.1715  -0.292E+03  0.2465E+01  0.1752E-03  0.1210E-07 -0.7917E+01    0.2657
  0.1625  -0.351E+03  0.2545E+01  0.1322E-03  0.6490E-08 -0.8188E+01    0.2399
  0.1542  -0.423E+03  0.2626E+01  0.9951E-04  0.3473E-08 -0.8459E+01    0.2165
  0.1468  -0.509E+03  0.2707E+01  0.7480E-04  0.1855E-08 -0.8732E+01    0.1954
  0.1400  -0.614E+03  0.2788E+01  0.5616E-04  0.9893E-09 -0.9005E+01    0.1762
  0.1339  -0.739E+03  0.2869E+01  0.4212E-04  0.5271E-09 -0.9278E+01    0.1589
  0.1284  -0.890E+03  0.2949E+01  0.3158E-04  0.2806E-09 -0.9552E+01    0.1432
  0.1234  -0.107E+04  0.3030E+01  0.2366E-04  0.1493E-09 -0.9826E+01    0.1291
  0.1190  -0.129E+04  0.3111E+01  0.1772E-04  0.7943E-10 -0.1010E+02    0.1164
  0.1149  -0.156E+04  0.3192E+01  0.1326E-04  0.4223E-10 -0.1037E+02    0.1049
  0.1113  -0.187E+04  0.3273E+01  0.9929E-05  0.2245E-10 -0.1065E+02    0.0945
  0.1080  -0.226E+04  0.3354E+01  0.7431E-05  0.1193E-10 -0.1092E+02    0.0852
  0.1050  -0.272E+04  0.3434E+01  0.5561E-05  0.6341E-11 -0.1120E+02    0.0768
  0.1023  -0.327E+04  0.3515E+01  0.4161E-05  0.3369E-11 -0.1147E+02    0.0692
  0.0999  -0.394E+04  0.3596E+01  0.3113E-05  0.1790E-11 -0.1175E+02    0.0623
  0.0978  -0.475E+04  0.3677E+01  0.2329E-05  0.9510E-12 -0.1202E+02    0.0562
  0.0958  -0.572E+04  0.3758E+01  0.1743E-05  0.5053E-12 -0.1230E+02    0.0506
  0.0941  -0.689E+04  0.3838E+01  0.1304E-05  0.2684E-12 -0.1257E+02    0.0456
  0.0925  -0.830E+04  0.3919E+01  0.9754E-06  0.1426E-12 -0.1285E+02    0.0411
  0.0910  -0.100E+05  0.4000E+01  0.7297E-06  0.7575E-13 -0.1312E+02    0.0370
end
